Performing C SOURCE FILE Test CMAKE_HAVE_LIBC_PTHREAD failed with the following output:
Change Dir: C:/Users/nkont/Desktop/gyrocoin/out/build/x64-Debug/CMakeFiles/CMakeTmp

Run Build Command(s):C:/Program Files (x86)/Microsoft Visual Studio/2019/Community/Common7/IDE/CommonExtensions/Microsoft/CMake/Ninja/ninja.exe cmTC_90e48 && [1/2] Building C object CMakeFiles/cmTC_90e48.dir/src.c.obj
FAILED: CMakeFiles/cmTC_90e48.dir/src.c.obj 
C:\MinGW\bin\gcc.exe   -std=c11 -DWIN32_LEAN_AND_MEAN -Wall -Wextra -Wpointer-arith -Wundef -Wvla -Wwrite-strings -Werror -Wno-error=extra -Wno-error=unused-function -Wno-error=deprecated-declarations -Wno-error=sign-compare -Wno-error=strict-aliasing -Wno-error=type-limits -Wno-unused-parameter -Wno-error=unused-variable -Wno-error=undef -Wno-error=uninitialized -Wno-error=unused-result -Wlogical-op -Wno-error=maybe-uninitialized -Wno-error=clobbered -Wno-error=unused-but-set-variable -Wno-error=unused-value -Wno-error=odr -Waggregate-return -Wnested-externs -Wold-style-definition -Wstrict-prototypes -march=native -maes -DCMAKE_HAVE_LIBC_PTHREAD -o CMakeFiles/cmTC_90e48.dir/src.c.obj   -c src.c
src.c: In function 'main':
src.c:14:3: error: implicit declaration of function 'pthread_atfork'; did you mean 'pthread_join'? [-Werror=implicit-function-declaration]
   pthread_atfork(NULL, NULL, NULL);
   ^~~~~~~~~~~~~~
   pthread_join
src.c:14:3: error: nested extern declaration of 'pthread_atfork' [-Werror=nested-externs]
cc1.exe: all warnings being treated as errors
ninja: build stopped: subcommand failed.


Source file was:
#include <pthread.h>

void* test_func(void* data)
{
  return data;
}

int main(void)
{
  pthread_t thread;
  pthread_create(&thread, NULL, test_func, NULL);
  pthread_detach(thread);
  pthread_join(thread, NULL);
  pthread_atfork(NULL, NULL, NULL);
  pthread_exit(NULL);

  return 0;
}

Determining if the function pthread_create exists in the pthreads failed with the following output:
Change Dir: C:/Users/nkont/Desktop/gyrocoin/out/build/x64-Debug/CMakeFiles/CMakeTmp

Run Build Command(s):C:/Program Files (x86)/Microsoft Visual Studio/2019/Community/Common7/IDE/CommonExtensions/Microsoft/CMake/Ninja/ninja.exe cmTC_a62ad && [1/2] Building C object CMakeFiles/cmTC_a62ad.dir/CheckFunctionExists.c.obj
[2/2] Linking C executable cmTC_a62ad.exe
FAILED: cmTC_a62ad.exe 
cmd.exe /C "cd . && C:\MinGW\bin\gcc.exe -std=c11 -DWIN32_LEAN_AND_MEAN -Wall -Wextra -Wpointer-arith -Wundef -Wvla -Wwrite-strings -Werror -Wno-error=extra -Wno-error=unused-function -Wno-error=deprecated-declarations -Wno-error=sign-compare -Wno-error=strict-aliasing -Wno-error=type-limits -Wno-unused-parameter -Wno-error=unused-variable -Wno-error=undef -Wno-error=uninitialized -Wno-error=unused-result -Wlogical-op -Wno-error=maybe-uninitialized -Wno-error=clobbered -Wno-error=unused-but-set-variable -Wno-error=unused-value -Wno-error=odr -Waggregate-return -Wnested-externs -Wold-style-definition -Wstrict-prototypes -march=native -maes -DCHECK_FUNCTION_EXISTS=pthread_create   CMakeFiles/cmTC_a62ad.dir/CheckFunctionExists.c.obj  -o cmTC_a62ad.exe -Wl,--out-implib,libcmTC_a62ad.dll.a -Wl,--major-image-version,0,--minor-image-version,0  -lpthreads -lkernel32 -luser32 -lgdi32 -lwinspool -lshell32 -lole32 -loleaut32 -luuid -lcomdlg32 -ladvapi32 && cd ."
c:/mingw/bin/../lib/gcc/mingw32/8.2.0/../../../../mingw32/bin/ld.exe: cannot find -lpthreads
collect2.exe: error: ld returned 1 exit status
ninja: build stopped: subcommand failed.



